TpTrace Verbose: 0 : 23612, 1, 2020/12/01, 10:27:48.800, 15068497655846, vstest.console.dll, Version: 16.8.0-release-20201022-02
TpTrace Information: 0 : 23612, 1, 2020/12/01, 10:27:48.819, 15068497834290, vstest.console.dll, FilePatternParser: The given file C:\Users\User\source\repos\Erecruta.IntegratedTest\bin\Debug\fine-code-coverage\Erecruta.IntegratedTest.dll is a full path.
TpTrace Verbose: 0 : 23612, 1, 2020/12/01, 10:27:48.831, 15068497953796, vstest.console.dll, TestPluginCache.DiscoverTestExtensions: finding test extensions in assemblies ends with: RuntimeProvider.dll TPluginInfo: Microsoft.VisualStudio.TestPlatform.Common.ExtensionFramework.Utilities.TestRuntimePluginInformation TExtension: Microsoft.VisualStudio.TestPlatform.ObjectModel.Host.ITestRuntimeProvider
TpTrace Verbose: 0 : 23612, 1, 2020/12/01, 10:27:48.832, 15068497961970, vstest.console.dll, TestPluginCache.GetExtensionPaths: Filtered extension paths: 
TpTrace Verbose: 0 : 23612, 1, 2020/12/01, 10:27:48.832, 15068497963689, vstest.console.dll, TestPluginCache.GetExtensionPaths: Added default extension paths: C:\Program Files\dotnet\sdk\5.0.100\Extensions\Microsoft.Diagnostics.NETCore.Client.dll
C:\Program Files\dotnet\sdk\5.0.100\Extensions\Microsoft.TestPlatform.Extensions.BlameDataCollector.dll
C:\Program Files\dotnet\sdk\5.0.100\Extensions\Microsoft.TestPlatform.Extensions.EventLogCollector.dll
C:\Program Files\dotnet\sdk\5.0.100\Extensions\Microsoft.TestPlatform.TestHostRuntimeProvider.dll
C:\Program Files\dotnet\sdk\5.0.100\Extensions\Microsoft.VisualStudio.TestPlatform.Extensions.Html.TestLogger.dll
C:\Program Files\dotnet\sdk\5.0.100\Extensions\Microsoft.VisualStudio.TestPlatform.Extensions.Trx.TestLogger.dll
TpTrace Verbose: 0 : 23612, 1, 2020/12/01, 10:27:48.832, 15068497964263, vstest.console.dll, TestPluginCache.GetExtensionPaths: Added unfilterableExtensionPaths: 
TpTrace Information: 0 : 23612, 1, 2020/12/01, 10:27:48.834, 15068497983590, vstest.console.dll, AssemblyResolver.ctor: Creating AssemblyResolver with searchDirectories C:\Program Files\dotnet\sdk\5.0.100\Extensions,C:\Program Files\dotnet\sdk\5.0.100
TpTrace Verbose: 0 : 23612, 1, 2020/12/01, 10:27:48.836, 15068498005602, vstest.console.dll, TestPluginCache.DiscoverTestExtensions: Discovering the extensions using extension path.
TpTrace Verbose: 0 : 23612, 1, 2020/12/01, 10:27:48.836, 15068498008365, vstest.console.dll, TestPluginCache.GetExtensionPaths: Filtered extension paths: 
TpTrace Verbose: 0 : 23612, 1, 2020/12/01, 10:27:48.836, 15068498009096, vstest.console.dll, TestPluginCache.GetExtensionPaths: Added default extension paths: C:\Program Files\dotnet\sdk\5.0.100\Extensions\Microsoft.Diagnostics.NETCore.Client.dll
C:\Program Files\dotnet\sdk\5.0.100\Extensions\Microsoft.TestPlatform.Extensions.BlameDataCollector.dll
C:\Program Files\dotnet\sdk\5.0.100\Extensions\Microsoft.TestPlatform.Extensions.EventLogCollector.dll
C:\Program Files\dotnet\sdk\5.0.100\Extensions\Microsoft.TestPlatform.TestHostRuntimeProvider.dll
C:\Program Files\dotnet\sdk\5.0.100\Extensions\Microsoft.VisualStudio.TestPlatform.Extensions.Html.TestLogger.dll
C:\Program Files\dotnet\sdk\5.0.100\Extensions\Microsoft.VisualStudio.TestPlatform.Extensions.Trx.TestLogger.dll
TpTrace Verbose: 0 : 23612, 1, 2020/12/01, 10:27:48.836, 15068498009747, vstest.console.dll, TestPluginCache.GetExtensionPaths: Added unfilterableExtensionPaths: 
TpTrace Verbose: 0 : 23612, 1, 2020/12/01, 10:27:48.836, 15068498010787, vstest.console.dll, TestPluginCache.DiscoverTestExtensions: Discovering the extensions using allExtensionPaths: C:\Program Files\dotnet\sdk\5.0.100\Extensions\Microsoft.Diagnostics.NETCore.Client.dll
C:\Program Files\dotnet\sdk\5.0.100\Extensions\Microsoft.TestPlatform.Extensions.BlameDataCollector.dll
C:\Program Files\dotnet\sdk\5.0.100\Extensions\Microsoft.TestPlatform.Extensions.EventLogCollector.dll
C:\Program Files\dotnet\sdk\5.0.100\Extensions\Microsoft.TestPlatform.TestHostRuntimeProvider.dll
C:\Program Files\dotnet\sdk\5.0.100\Extensions\Microsoft.VisualStudio.TestPlatform.Extensions.Html.TestLogger.dll
C:\Program Files\dotnet\sdk\5.0.100\Extensions\Microsoft.VisualStudio.TestPlatform.Extensions.Trx.TestLogger.dll
TpTrace Information: 0 : 23612, 1, 2020/12/01, 10:27:48.837, 15068498012848, vstest.console.dll, AssemblyResolver.AddSearchDirectories: Adding more searchDirectories C:\Program Files\dotnet\sdk\5.0.100\Extensions,C:\Program Files\dotnet\sdk\5.0.100
TpTrace Information: 0 : 23612, 1, 2020/12/01, 10:27:48.837, 15068498013857, vstest.console.dll, AssemblyResolver.AddSearchDirectories: Adding more searchDirectories C:\Program Files\dotnet\sdk\5.0.100\Extensions,C:\Program Files\dotnet\sdk\5.0.100
TpTrace Information: 0 : 23612, 1, 2020/12/01, 10:27:48.837, 15068498014519, vstest.console.dll, AssemblyResolver.AddSearchDirectories: Adding more searchDirectories C:\Program Files\dotnet\sdk\5.0.100\Extensions,C:\Program Files\dotnet\sdk\5.0.100
TpTrace Information: 0 : 23612, 1, 2020/12/01, 10:27:48.837, 15068498015128, vstest.console.dll, AssemblyResolver.AddSearchDirectories: Adding more searchDirectories C:\Program Files\dotnet\sdk\5.0.100\Extensions,C:\Program Files\dotnet\sdk\5.0.100
TpTrace Information: 0 : 23612, 1, 2020/12/01, 10:27:48.837, 15068498015611, vstest.console.dll, AssemblyResolver.AddSearchDirectories: Adding more searchDirectories C:\Program Files\dotnet\sdk\5.0.100\Extensions,C:\Program Files\dotnet\sdk\5.0.100
TpTrace Information: 0 : 23612, 1, 2020/12/01, 10:27:48.837, 15068498016180, vstest.console.dll, AssemblyResolver.AddSearchDirectories: Adding more searchDirectories C:\Program Files\dotnet\sdk\5.0.100\Extensions,C:\Program Files\dotnet\sdk\5.0.100
TpTrace Information: 0 : 23612, 1, 2020/12/01, 10:27:48.837, 15068498021153, vstest.console.dll, AssemblyResolver.OnResolve: Microsoft.Diagnostics.NETCore.Client: Resolving assembly.
TpTrace Information: 0 : 23612, 1, 2020/12/01, 10:27:48.842, 15068498063180, vstest.console.dll, AssemblyResolver.OnResolve: Resolved assembly: Microsoft.Diagnostics.NETCore.Client, from path: C:\Program Files\dotnet\sdk\5.0.100\Extensions\Microsoft.Diagnostics.NETCore.Client.dll
TpTrace Information: 0 : 23612, 1, 2020/12/01, 10:27:48.849, 15068498140141, vstest.console.dll, AssemblyResolver.OnResolve: Microsoft.Bcl.AsyncInterfaces: Resolving assembly.
TpTrace Information: 0 : 23612, 1, 2020/12/01, 10:27:48.850, 15068498143627, vstest.console.dll, AssemblyResolver.OnResolve: Microsoft.Bcl.AsyncInterfaces: Failed to load assembly.
TpTrace Verbose: 0 : 23612, 1, 2020/12/01, 10:27:48.850, 15068498144639, vstest.console.dll, CurrentDomain_AssemblyResolve: Resolving assembly 'Microsoft.Bcl.AsyncInterfaces'.
TpTrace Information: 0 : 23612, 1, 2020/12/01, 10:27:48.850, 15068498145719, vstest.console.dll, AssemblyResolver.OnResolve: Microsoft.Bcl.AsyncInterfaces: Resolving assembly.
TpTrace Information: 0 : 23612, 1, 2020/12/01, 10:27:48.850, 15068498146426, vstest.console.dll, AssemblyResolver.OnResolve: Microsoft.Bcl.AsyncInterfaces: Resolved from cache.
TpTrace Verbose: 0 : 23612, 1, 2020/12/01, 10:27:48.850, 15068498147024, vstest.console.dll, CurrentDomain_AssemblyResolve: Resolving assembly 'Microsoft.Bcl.AsyncInterfaces'.
TpTrace Verbose: 0 : 23612, 1, 2020/12/01, 10:27:48.850, 15068498147683, vstest.console.dll, CurrentDomainAssemblyResolve: Failed to resolve assembly 'Microsoft.Bcl.AsyncInterfaces'.
TpTrace Verbose: 0 : 23612, 1, 2020/12/01, 10:27:48.852, 15068498163812, vstest.console.dll, CurrentDomainAssemblyResolve: Failed to resolve assembly 'Microsoft.Bcl.AsyncInterfaces'.
TpTrace Warning: 0 : 23612, 1, 2020/12/01, 10:27:48.876, 15068498404356, vstest.console.dll, TestPluginDiscoverer: Failed to get types from assembly 'Microsoft.Diagnostics.NETCore.Client, Version=0.2.2.41902, Culture=neutral, PublicKeyToken=31bf3856ad364e35'.  Skipping test extension scan for this assembly.  Error: System.Reflection.ReflectionTypeLoadException: Unable to load one or more of the requested types.
Could not load file or assembly 'Microsoft.Bcl.AsyncInterfaces, Version=1.0.0.0, Culture=neutral, PublicKeyToken=cc7b13ffcd2ddd51'. O sistema não pode encontrar o arquivo especificado.
   at System.Reflection.RuntimeModule.GetTypes(RuntimeModule module)
   at System.Reflection.RuntimeModule.GetTypes()
   at System.Reflection.Assembly.GetTypes()
   at Microsoft.VisualStudio.TestPlatform.Common.ExtensionFramework.TestPluginDiscoverer.GetTestExtensionsFromAssembly[TPluginInfo,TExtension](Assembly assembly, Dictionary`2 pluginInfos)
System.IO.FileNotFoundException: Could not load file or assembly 'Microsoft.Bcl.AsyncInterfaces, Version=1.0.0.0, Culture=neutral, PublicKeyToken=cc7b13ffcd2ddd51'. O sistema não pode encontrar o arquivo especificado.
File name: 'Microsoft.Bcl.AsyncInterfaces, Version=1.0.0.0, Culture=neutral, PublicKeyToken=cc7b13ffcd2ddd51'
TpTrace Warning: 0 : 23612, 1, 2020/12/01, 10:27:48.877, 15068498415563, vstest.console.dll, LoaderExceptions: System.IO.FileNotFoundException: Could not load file or assembly 'Microsoft.Bcl.AsyncInterfaces, Version=1.0.0.0, Culture=neutral, PublicKeyToken=cc7b13ffcd2ddd51'. O sistema não pode encontrar o arquivo especificado.
File name: 'Microsoft.Bcl.AsyncInterfaces, Version=1.0.0.0, Culture=neutral, PublicKeyToken=cc7b13ffcd2ddd51'
TpTrace Information: 0 : 23612, 1, 2020/12/01, 10:27:48.877, 15068498418296, vstest.console.dll, AssemblyResolver.OnResolve: Microsoft.TestPlatform.Extensions.BlameDataCollector: Resolving assembly.
TpTrace Information: 0 : 23612, 1, 2020/12/01, 10:27:48.878, 15068498430543, vstest.console.dll, AssemblyResolver.OnResolve: Resolved assembly: Microsoft.TestPlatform.Extensions.BlameDataCollector, from path: C:\Program Files\dotnet\sdk\5.0.100\Extensions\Microsoft.TestPlatform.Extensions.BlameDataCollector.dll
TpTrace Information: 0 : 23612, 1, 2020/12/01, 10:27:48.879, 15068498440316, vstest.console.dll, AssemblyResolver.OnResolve: Microsoft.TestPlatform.Extensions.EventLogCollector: Resolving assembly.
TpTrace Information: 0 : 23612, 1, 2020/12/01, 10:27:48.881, 15068498452654, vstest.console.dll, AssemblyResolver.OnResolve: Resolved assembly: Microsoft.TestPlatform.Extensions.EventLogCollector, from path: C:\Program Files\dotnet\sdk\5.0.100\Extensions\Microsoft.TestPlatform.Extensions.EventLogCollector.dll
TpTrace Information: 0 : 23612, 1, 2020/12/01, 10:27:48.883, 15068498479727, vstest.console.dll, AssemblyResolver.OnResolve: Microsoft.TestPlatform.TestHostRuntimeProvider: Resolving assembly.
TpTrace Information: 0 : 23612, 1, 2020/12/01, 10:27:48.885, 15068498492420, vstest.console.dll, AssemblyResolver.OnResolve: Resolved assembly: Microsoft.TestPlatform.TestHostRuntimeProvider, from path: C:\Program Files\dotnet\sdk\5.0.100\Extensions\Microsoft.TestPlatform.TestHostRuntimeProvider.dll
TpTrace Information: 0 : 23612, 1, 2020/12/01, 10:27:48.886, 15068498507386, vstest.console.dll, AssemblyResolver.OnResolve: Microsoft.VisualStudio.TestPlatform.Extensions.Html.TestLogger: Resolving assembly.
TpTrace Information: 0 : 23612, 1, 2020/12/01, 10:27:48.888, 15068498524090, vstest.console.dll, AssemblyResolver.OnResolve: Resolved assembly: Microsoft.VisualStudio.TestPlatform.Extensions.Html.TestLogger, from path: C:\Program Files\dotnet\sdk\5.0.100\Extensions\Microsoft.VisualStudio.TestPlatform.Extensions.Html.TestLogger.dll
TpTrace Information: 0 : 23612, 1, 2020/12/01, 10:27:48.888, 15068498528635, vstest.console.dll, AssemblyResolver.OnResolve: Microsoft.VisualStudio.TestPlatform.Extensions.Trx.TestLogger: Resolving assembly.
TpTrace Information: 0 : 23612, 1, 2020/12/01, 10:27:48.889, 15068498540054, vstest.console.dll, AssemblyResolver.OnResolve: Resolved assembly: Microsoft.VisualStudio.TestPlatform.Extensions.Trx.TestLogger, from path: C:\Program Files\dotnet\sdk\5.0.100\Extensions\Microsoft.VisualStudio.TestPlatform.Extensions.Trx.TestLogger.dll
TpTrace Verbose: 0 : 23612, 1, 2020/12/01, 10:27:48.891, 15068498557975, vstest.console.dll, TestPluginCache: Discovered the extensions using extension path ''.
TpTrace Verbose: 0 : 23612, 1, 2020/12/01, 10:27:48.891, 15068498558969, vstest.console.dll, TestPluginCache: Discoverers are ''.
TpTrace Verbose: 0 : 23612, 1, 2020/12/01, 10:27:48.891, 15068498559536, vstest.console.dll, TestPluginCache: Executors are ''.
TpTrace Verbose: 0 : 23612, 1, 2020/12/01, 10:27:48.891, 15068498560062, vstest.console.dll, TestPluginCache: Executors2 are ''.
TpTrace Verbose: 0 : 23612, 1, 2020/12/01, 10:27:48.891, 15068498560636, vstest.console.dll, TestPluginCache: Setting providers are ''.
TpTrace Verbose: 0 : 23612, 1, 2020/12/01, 10:27:48.891, 15068498561183, vstest.console.dll, TestPluginCache: Loggers are ''.
TpTrace Information: 0 : 23612, 1, 2020/12/01, 10:27:48.900, 15068498650534, vstest.console.dll, RunTestsArgumentProcessor:Execute: Test run is starting.
TpTrace Verbose: 0 : 23612, 1, 2020/12/01, 10:27:48.901, 15068498651805, vstest.console.dll, RunTestsArgumentProcessor:Execute: Queuing Test run.
TpTrace Information: 0 : 23612, 1, 2020/12/01, 10:27:48.901, 15068498655176, vstest.console.dll, TestRequestManager.RunTests: run tests started.
TpTrace Information: 0 : 23612, 1, 2020/12/01, 10:27:48.906, 15068498707027, vstest.console.dll, AssemblyMetadataProvider.GetFrameWork: Determined framework:'.NETCoreApp,Version=v3.1' for source: 'C:\Users\User\source\repos\Erecruta.IntegratedTest\bin\Debug\fine-code-coverage\Erecruta.IntegratedTest.dll'
TpTrace Information: 0 : 23612, 1, 2020/12/01, 10:27:48.906, 15068498710169, vstest.console.dll, Determined framework for all sources: .NETCoreApp,Version=v3.1
TpTrace Information: 0 : 23612, 1, 2020/12/01, 10:27:48.907, 15068498720942, vstest.console.dll, AssemblyMetadataProvider.GetArchitecture: Determined architecture:AnyCPU info for assembly: C:\Users\User\source\repos\Erecruta.IntegratedTest\bin\Debug\fine-code-coverage\Erecruta.IntegratedTest.dll
TpTrace Information: 0 : 23612, 1, 2020/12/01, 10:27:48.910, 15068498751587, vstest.console.dll, Determined platform for all sources: X64
TpTrace Information: 0 : 23612, 1, 2020/12/01, 10:27:48.915, 15068498794396, vstest.console.dll, Compatible sources list : 
TpTrace Information: 0 : 23612, 1, 2020/12/01, 10:27:48.915, 15068498795583, vstest.console.dll, C:\Users\User\source\repos\Erecruta.IntegratedTest\bin\Debug\fine-code-coverage\Erecruta.IntegratedTest.dll
TpTrace Information: 0 : 23612, 1, 2020/12/01, 10:27:48.917, 15068498819155, vstest.console.dll, InferRunSettingsHelper.IsTestSettingsEnabled: Unable to navigate to RunSettings/MSTest. Current node: RunSettings
TpTrace Information: 0 : 23612, 1, 2020/12/01, 10:27:48.918, 15068498828714, vstest.console.dll, AssemblyResolver.OnResolve: Microsoft.VisualStudio.TestPlatform.Fakes: Resolving assembly.
TpTrace Information: 0 : 23612, 1, 2020/12/01, 10:27:48.918, 15068498831035, vstest.console.dll, AssemblyResolver.OnResolve: Microsoft.VisualStudio.TestPlatform.Fakes: Failed to load assembly.
TpTrace Information: 0 : 23612, 1, 2020/12/01, 10:27:48.919, 15068498834231, vstest.console.dll, Failed to create newly implemented Fakes Configurator. Reason:System.IO.FileNotFoundException: Could not load file or assembly 'Microsoft.VisualStudio.TestPlatform.Fakes, Version=16.0.0.0, Culture=neutral, PublicKeyToken=null'. O sistema não pode encontrar o arquivo especificado.
File name: 'Microsoft.VisualStudio.TestPlatform.Fakes, Version=16.0.0.0, Culture=neutral, PublicKeyToken=null'
   at System.Reflection.RuntimeAssembly.InternalLoad(ObjectHandleOnStack assemblyName, ObjectHandleOnStack requestingAssembly, StackCrawlMarkHandle stackMark, Boolean throwOnFileNotFound, ObjectHandleOnStack assemblyLoadContext, ObjectHandleOnStack retAssembly)
   at System.Reflection.RuntimeAssembly.InternalLoad(AssemblyName assemblyName, RuntimeAssembly requestingAssembly, StackCrawlMark& stackMark, Boolean throwOnFileNotFound, AssemblyLoadContext assemblyLoadContext)
   at System.Reflection.Assembly.Load(String assemblyString)
   at Microsoft.VisualStudio.TestPlatform.Common.Utilities.FakesUtilities.TryGetFakesCrossPlatformDataCollectorConfigurator() 
TpTrace Verbose: 0 : 23612, 1, 2020/12/01, 10:27:48.923, 15068498875898, vstest.console.dll, TestPluginCache.DiscoverTestExtensions: finding test extensions in assemblies ends with: TestLogger.dll TPluginInfo: Microsoft.VisualStudio.TestPlatform.Common.ExtensionFramework.Utilities.TestLoggerPluginInformation TExtension: Microsoft.VisualStudio.TestPlatform.ObjectModel.Client.ITestLogger
TpTrace Verbose: 0 : 23612, 1, 2020/12/01, 10:27:48.923, 15068498877297, vstest.console.dll, TestPluginCache.GetExtensionPaths: Filtered extension paths: 
TpTrace Verbose: 0 : 23612, 1, 2020/12/01, 10:27:48.923, 15068498877717, vstest.console.dll, TestPluginCache.GetExtensionPaths: Added default extension paths: C:\Program Files\dotnet\sdk\5.0.100\Extensions\Microsoft.Diagnostics.NETCore.Client.dll
C:\Program Files\dotnet\sdk\5.0.100\Extensions\Microsoft.TestPlatform.Extensions.BlameDataCollector.dll
C:\Program Files\dotnet\sdk\5.0.100\Extensions\Microsoft.TestPlatform.Extensions.EventLogCollector.dll
C:\Program Files\dotnet\sdk\5.0.100\Extensions\Microsoft.TestPlatform.TestHostRuntimeProvider.dll
C:\Program Files\dotnet\sdk\5.0.100\Extensions\Microsoft.VisualStudio.TestPlatform.Extensions.Html.TestLogger.dll
C:\Program Files\dotnet\sdk\5.0.100\Extensions\Microsoft.VisualStudio.TestPlatform.Extensions.Trx.TestLogger.dll
TpTrace Verbose: 0 : 23612, 1, 2020/12/01, 10:27:48.923, 15068498877985, vstest.console.dll, TestPluginCache.GetExtensionPaths: Added unfilterableExtensionPaths: 
TpTrace Information: 0 : 23612, 1, 2020/12/01, 10:27:48.923, 15068498879482, vstest.console.dll, AssemblyResolver.AddSearchDirectories: Adding more searchDirectories C:\Program Files\dotnet\sdk\5.0.100\Extensions,C:\Program Files\dotnet\sdk\5.0.100
TpTrace Verbose: 0 : 23612, 1, 2020/12/01, 10:27:48.923, 15068498879872, vstest.console.dll, TestPluginCache.DiscoverTestExtensions: Discovering the extensions using extension path.
TpTrace Verbose: 0 : 23612, 1, 2020/12/01, 10:27:48.923, 15068498880114, vstest.console.dll, TestPluginCache.GetExtensionPaths: Filtered extension paths: 
TpTrace Verbose: 0 : 23612, 1, 2020/12/01, 10:27:48.923, 15068498880333, vstest.console.dll, TestPluginCache.GetExtensionPaths: Added default extension paths: C:\Program Files\dotnet\sdk\5.0.100\Extensions\Microsoft.Diagnostics.NETCore.Client.dll
C:\Program Files\dotnet\sdk\5.0.100\Extensions\Microsoft.TestPlatform.Extensions.BlameDataCollector.dll
C:\Program Files\dotnet\sdk\5.0.100\Extensions\Microsoft.TestPlatform.Extensions.EventLogCollector.dll
C:\Program Files\dotnet\sdk\5.0.100\Extensions\Microsoft.TestPlatform.TestHostRuntimeProvider.dll
C:\Program Files\dotnet\sdk\5.0.100\Extensions\Microsoft.VisualStudio.TestPlatform.Extensions.Html.TestLogger.dll
C:\Program Files\dotnet\sdk\5.0.100\Extensions\Microsoft.VisualStudio.TestPlatform.Extensions.Trx.TestLogger.dll
TpTrace Verbose: 0 : 23612, 1, 2020/12/01, 10:27:48.923, 15068498880657, vstest.console.dll, TestPluginCache.GetExtensionPaths: Added unfilterableExtensionPaths: 
TpTrace Verbose: 0 : 23612, 1, 2020/12/01, 10:27:48.923, 15068498880955, vstest.console.dll, TestPluginCache.DiscoverTestExtensions: Discovering the extensions using allExtensionPaths: C:\Program Files\dotnet\sdk\5.0.100\Extensions\Microsoft.Diagnostics.NETCore.Client.dll
C:\Program Files\dotnet\sdk\5.0.100\Extensions\Microsoft.TestPlatform.Extensions.BlameDataCollector.dll
C:\Program Files\dotnet\sdk\5.0.100\Extensions\Microsoft.TestPlatform.Extensions.EventLogCollector.dll
C:\Program Files\dotnet\sdk\5.0.100\Extensions\Microsoft.TestPlatform.TestHostRuntimeProvider.dll
C:\Program Files\dotnet\sdk\5.0.100\Extensions\Microsoft.VisualStudio.TestPlatform.Extensions.Html.TestLogger.dll
C:\Program Files\dotnet\sdk\5.0.100\Extensions\Microsoft.VisualStudio.TestPlatform.Extensions.Trx.TestLogger.dll
TpTrace Information: 0 : 23612, 1, 2020/12/01, 10:27:48.924, 15068498881787, vstest.console.dll, AssemblyResolver.AddSearchDirectories: Adding more searchDirectories C:\Program Files\dotnet\sdk\5.0.100\Extensions,C:\Program Files\dotnet\sdk\5.0.100
TpTrace Information: 0 : 23612, 1, 2020/12/01, 10:27:48.924, 15068498882141, vstest.console.dll, AssemblyResolver.AddSearchDirectories: Adding more searchDirectories C:\Program Files\dotnet\sdk\5.0.100\Extensions,C:\Program Files\dotnet\sdk\5.0.100
TpTrace Information: 0 : 23612, 1, 2020/12/01, 10:27:48.924, 15068498882529, vstest.console.dll, AssemblyResolver.AddSearchDirectories: Adding more searchDirectories C:\Program Files\dotnet\sdk\5.0.100\Extensions,C:\Program Files\dotnet\sdk\5.0.100
TpTrace Information: 0 : 23612, 1, 2020/12/01, 10:27:48.924, 15068498882806, vstest.console.dll, AssemblyResolver.AddSearchDirectories: Adding more searchDirectories C:\Program Files\dotnet\sdk\5.0.100\Extensions,C:\Program Files\dotnet\sdk\5.0.100
TpTrace Information: 0 : 23612, 1, 2020/12/01, 10:27:48.924, 15068498883047, vstest.console.dll, AssemblyResolver.AddSearchDirectories: Adding more searchDirectories C:\Program Files\dotnet\sdk\5.0.100\Extensions,C:\Program Files\dotnet\sdk\5.0.100
TpTrace Information: 0 : 23612, 1, 2020/12/01, 10:27:48.924, 15068498883643, vstest.console.dll, AssemblyResolver.AddSearchDirectories: Adding more searchDirectories C:\Program Files\dotnet\sdk\5.0.100\Extensions,C:\Program Files\dotnet\sdk\5.0.100
TpTrace Information: 0 : 23612, 1, 2020/12/01, 10:27:48.924, 15068498885462, vstest.console.dll, AssemblyResolver.OnResolve: Microsoft.Bcl.AsyncInterfaces: Resolving assembly.
TpTrace Information: 0 : 23612, 1, 2020/12/01, 10:27:48.924, 15068498885777, vstest.console.dll, AssemblyResolver.OnResolve: Microsoft.Bcl.AsyncInterfaces: Resolved from cache.
TpTrace Verbose: 0 : 23612, 1, 2020/12/01, 10:27:48.924, 15068498886027, vstest.console.dll, CurrentDomain_AssemblyResolve: Resolving assembly 'Microsoft.Bcl.AsyncInterfaces'.
TpTrace Information: 0 : 23612, 1, 2020/12/01, 10:27:48.924, 15068498886679, vstest.console.dll, AssemblyResolver.OnResolve: Microsoft.Bcl.AsyncInterfaces: Resolving assembly.
TpTrace Information: 0 : 23612, 1, 2020/12/01, 10:27:48.924, 15068498886966, vstest.console.dll, AssemblyResolver.OnResolve: Microsoft.Bcl.AsyncInterfaces: Resolved from cache.
TpTrace Verbose: 0 : 23612, 1, 2020/12/01, 10:27:48.924, 15068498887201, vstest.console.dll, CurrentDomain_AssemblyResolve: Resolving assembly 'Microsoft.Bcl.AsyncInterfaces'.
TpTrace Verbose: 0 : 23612, 1, 2020/12/01, 10:27:48.924, 15068498887412, vstest.console.dll, CurrentDomainAssemblyResolve: Failed to resolve assembly 'Microsoft.Bcl.AsyncInterfaces'.
TpTrace Verbose: 0 : 23612, 1, 2020/12/01, 10:27:48.924, 15068498888632, vstest.console.dll, CurrentDomainAssemblyResolve: Failed to resolve assembly 'Microsoft.Bcl.AsyncInterfaces'.
TpTrace Warning: 0 : 23612, 1, 2020/12/01, 10:27:48.924, 15068498891311, vstest.console.dll, TestPluginDiscoverer: Failed to get types from assembly 'Microsoft.Diagnostics.NETCore.Client, Version=0.2.2.41902, Culture=neutral, PublicKeyToken=31bf3856ad364e35'.  Skipping test extension scan for this assembly.  Error: System.Reflection.ReflectionTypeLoadException: Unable to load one or more of the requested types.
Could not load file or assembly 'Microsoft.Bcl.AsyncInterfaces, Version=1.0.0.0, Culture=neutral, PublicKeyToken=cc7b13ffcd2ddd51'. O sistema não pode encontrar o arquivo especificado.
   at System.Reflection.RuntimeModule.GetTypes(RuntimeModule module)
   at System.Reflection.RuntimeModule.GetTypes()
   at System.Reflection.Assembly.GetTypes()
   at Microsoft.VisualStudio.TestPlatform.Common.ExtensionFramework.TestPluginDiscoverer.GetTestExtensionsFromAssembly[TPluginInfo,TExtension](Assembly assembly, Dictionary`2 pluginInfos)
System.IO.FileNotFoundException: Could not load file or assembly 'Microsoft.Bcl.AsyncInterfaces, Version=1.0.0.0, Culture=neutral, PublicKeyToken=cc7b13ffcd2ddd51'. O sistema não pode encontrar o arquivo especificado.
File name: 'Microsoft.Bcl.AsyncInterfaces, Version=1.0.0.0, Culture=neutral, PublicKeyToken=cc7b13ffcd2ddd51'
TpTrace Warning: 0 : 23612, 1, 2020/12/01, 10:27:48.925, 15068498891966, vstest.console.dll, LoaderExceptions: System.IO.FileNotFoundException: Could not load file or assembly 'Microsoft.Bcl.AsyncInterfaces, Version=1.0.0.0, Culture=neutral, PublicKeyToken=cc7b13ffcd2ddd51'. O sistema não pode encontrar o arquivo especificado.
File name: 'Microsoft.Bcl.AsyncInterfaces, Version=1.0.0.0, Culture=neutral, PublicKeyToken=cc7b13ffcd2ddd51'
TpTrace Verbose: 0 : 23612, 1, 2020/12/01, 10:27:48.925, 15068498895739, vstest.console.dll, TestPluginCache: Discovered the extensions using extension path ''.
TpTrace Verbose: 0 : 23612, 1, 2020/12/01, 10:27:48.925, 15068498896265, vstest.console.dll, TestPluginCache: Discoverers are ''.
TpTrace Verbose: 0 : 23612, 1, 2020/12/01, 10:27:48.925, 15068498896626, vstest.console.dll, TestPluginCache: Executors are ''.
TpTrace Verbose: 0 : 23612, 1, 2020/12/01, 10:27:48.925, 15068498897020, vstest.console.dll, TestPluginCache: Executors2 are ''.
TpTrace Verbose: 0 : 23612, 1, 2020/12/01, 10:27:48.925, 15068498897356, vstest.console.dll, TestPluginCache: Setting providers are ''.
TpTrace Verbose: 0 : 23612, 1, 2020/12/01, 10:27:48.925, 15068498898201, vstest.console.dll, TestPluginCache: Loggers are 'logger://Microsoft/TestPlatform/Extensions/Blame/v1,logger://Microsoft/TestPlatform/HtmlLogger/v1,logger://Microsoft/TestPlatform/TrxLogger/v1'.
TpTrace Information: 0 : 23612, 1, 2020/12/01, 10:27:48.928, 15068498928948, vstest.console.dll, TestPluginManager.CreateTestExtension: Attempting to load test extension: Microsoft.TestPlatform.Extensions.BlameDataCollector.BlameLogger
TpTrace Information: 0 : 23612, 1, 2020/12/01, 10:27:48.943, 15068499074676, vstest.console.dll, TestPluginManager.CreateTestExtension: Attempting to load test extension: Microsoft.VisualStudio.TestPlatform.CrossPlatEngine.Hosting.DefaultTestHostManager
TpTrace Information: 0 : 23612, 1, 2020/12/01, 10:27:48.943, 15068499078709, vstest.console.dll, TestPluginManager.CreateTestExtension: Attempting to load test extension: Microsoft.VisualStudio.TestPlatform.CrossPlatEngine.Hosting.DotnetTestHostManager
TpTrace Verbose: 0 : 23612, 1, 2020/12/01, 10:27:48.944, 15068499089554, vstest.console.dll, TestEngine: Initializing Parallel Execution as MaxCpuCount is set to: 1
TpTrace Information: 0 : 23612, 1, 2020/12/01, 10:27:48.945, 15068499097822, vstest.console.dll, InferRunSettingsHelper.IsTestSettingsEnabled: Unable to navigate to RunSettings/MSTest. Current node: RunSettings
TpTrace Verbose: 0 : 23612, 1, 2020/12/01, 10:27:48.969, 15068499336056, vstest.console.dll, TestRequestSender is acting as server
TpTrace Verbose: 0 : 23612, 4, 2020/12/01, 10:27:48.973, 15068499376449, vstest.console.dll, DataCollectionRequestSender.InitializeCommunication : Initialize communication. 
TpTrace Information: 0 : 23612, 4, 2020/12/01, 10:27:48.989, 15068499533998, vstest.console.dll, Listening on Endpoint : 127.0.0.1:60668
TpTrace Verbose: 0 : 23612, 4, 2020/12/01, 10:27:49.005, 15068499691776, vstest.console.dll, DotnetDataCollectionLauncher: Full path of dotnet.exe is C:\Program Files\dotnet\dotnet.exe
TpTrace Verbose: 0 : 23612, 4, 2020/12/01, 10:27:49.005, 15068499693506, vstest.console.dll, DotnetDataCollectionLauncher: Adding  --runtimeconfig "C:\Program Files\dotnet\sdk\5.0.100\datacollector.runtimeconfig.json" in args
TpTrace Verbose: 0 : 23612, 4, 2020/12/01, 10:27:49.005, 15068499694202, vstest.console.dll, DotnetDataCollectionLauncher: Adding  --depsfile "C:\Program Files\dotnet\sdk\5.0.100\datacollector.deps.json" in args
TpTrace Information: 0 : 23612, 4, 2020/12/01, 10:27:49.016, 15068499807070, vstest.console.dll, ProxyDataCollectionManager.Initialize: Launched datacollector processId: 31516 port: 60668
TpTrace Information: 0 : 23612, 4, 2020/12/01, 10:27:49.016, 15068499808761, vstest.console.dll, ProxyDataCollectionManager.Initialize: waiting for connection with timeout: 90 seconds
TpTrace Verbose: 0 : 23612, 4, 2020/12/01, 10:27:49.016, 15068499809415, vstest.console.dll, DataCollectionRequestSender.WaitForRequestHandlerConnection : Waiting for connection with timeout: 90000
TpTrace Information: 0 : 23612, 7, 2020/12/01, 10:27:49.485, 15068504498714, vstest.console.dll, Using the buffer size of 16384 bytes
TpTrace Verbose: 0 : 23612, 4, 2020/12/01, 10:27:49.485, 15068504499367, vstest.console.dll, ProxyDataCollectionManager.InvokeDataCollectionServiceAction: Starting.
TpTrace Information: 0 : 23612, 7, 2020/12/01, 10:27:49.485, 15068504500410, vstest.console.dll, Accepted Client request and set the flag
TpTrace Information: 0 : 23612, 4, 2020/12/01, 10:27:49.485, 15068504500719, vstest.console.dll, ProxyDataCollectionManager.BeforeTestRunStart: Get environment variable and port for datacollector processId: 31516 port: 60668
TpTrace Verbose: 0 : 23612, 4, 2020/12/01, 10:27:49.486, 15068504501996, vstest.console.dll, DataCollectionRequestSender.SendBeforeTestRunStartAndGetResult : Send BeforeTestRunStart message with settingsXml <RunSettings><RunConfiguration><ResultsDirectory>C:\Users\User\source\repos\Erecruta.IntegratedTest\bin\Debug\fine-code-coverage\_outputfolder</ResultsDirectory><TargetPlatform>X64</TargetPlatform><TargetFrameworkVersion>.NETCoreApp,Version=v3.1</TargetFrameworkVersion><DesignMode>False</DesignMode><CollectSourceInformation>False</CollectSourceInformation><TestAdaptersPaths>C:\Program Files\dotnet\sdk\5.0.100\Extensions</TestAdaptersPaths></RunConfiguration><LoggerRunSettings><Loggers><Logger friendlyName="blame" enabled="True" /><Logger friendlyName="Console" uri="logger://microsoft/TestPlatform/ConsoleLogger/v1" assemblyQualifiedName="Microsoft.VisualStudio.TestPlatform.CommandLine.Internal.ConsoleLogger, vstest.console, Version=15.0.0.0, Culture=neutral, PublicKeyToken=b03f5f7f11d50a3a" codeBase="C:\Program Files\dotnet\sdk\5.0.100\vstest.console.dll" enabled="True" /></Loggers></LoggerRunSettings><DataCollectionRunSettings><DataCollectors><DataCollector friendlyName="blame" enabled="True"><Configuration><ResultsDirectory>C:\Users\User\source\repos\Erecruta.IntegratedTest\bin\Debug\fine-code-coverage\_outputfolder</ResultsDirectory></Configuration></DataCollector></DataCollectors></DataCollectionRunSettings></RunSettings> and sources System.Linq.Enumerable+Concat2Iterator`1[System.String]: 
TpTrace Verbose: 0 : 23612, 4, 2020/12/01, 10:27:49.658, 15068506227415, vstest.console.dll, DataCollectionRequestSender.SendBeforeTestRunStartAndGetResult : Received message: (DataCollection.SendMessage) -> {
  "FriendlyName": null,
  "Uri": null,
  "TestCaseId": "00000000-0000-0000-0000-000000000000",
  "Message": "Logging DataCollector Diagnostics in file: C:\\Users\\User\\source\\repos\\Erecruta.IntegratedTest\\bin\\Debug\\fine-code-coverage\\_outputfolder\\diagnostics.datacollector.20-12-01_10-27-49_00010_4.log",
  "Level": 0
}
TpTrace Verbose: 0 : 23612, 4, 2020/12/01, 10:27:49.788, 15068507531051, vstest.console.dll, DataCollectionRequestSender.SendBeforeTestRunStartAndGetResult : Received message: (DataCollection.BeforeTestRunStartResult) -> {
  "EnvironmentVariables": {},
  "DataCollectionEventsPort": 60670
}
TpTrace Information: 0 : 23612, 4, 2020/12/01, 10:27:49.792, 15068507568470, vstest.console.dll, ProxyDataCollectionManager.BeforeTestRunStart: SendBeforeTestRunStartAndGetResult successful, env variable from datacollector:   and testhost port: 60670
TpTrace Information: 0 : 23612, 4, 2020/12/01, 10:27:49.793, 15068507571914, vstest.console.dll, ProxyDataCollectionManager.InvokeDataCollectionServiceAction: Completed.
TpTrace Verbose: 0 : 23612, 1, 2020/12/01, 10:27:49.793, 15068507574630, vstest.console.dll, TestRunRequest.ExecuteAsync: Creating test run request.
TpTrace Verbose: 0 : 23612, 1, 2020/12/01, 10:27:49.793, 15068507578376, vstest.console.dll, TestRunRequest.ExecuteAsync: Starting.
TpTrace Information: 0 : 23612, 1, 2020/12/01, 10:27:49.794, 15068507581702, vstest.console.dll, TestRunRequest.ExecuteAsync: Starting run with settings:TestRunCriteria:
   KeepAlive=False,FrequencyOfRunStatsChangeEvent=10,RunStatsChangeEventTimeout=00:00:01.5000000,TestCaseFilter=,TestExecutorLauncher=
   Settingsxml=<RunSettings>
  <RunConfiguration>
    <ResultsDirectory>C:\Users\User\source\repos\Erecruta.IntegratedTest\bin\Debug\fine-code-coverage\_outputfolder</ResultsDirectory>
    <TargetPlatform>X64</TargetPlatform>
    <TargetFrameworkVersion>.NETCoreApp,Version=v3.1</TargetFrameworkVersion>
    <DesignMode>False</DesignMode>
    <CollectSourceInformation>False</CollectSourceInformation>
  </RunConfiguration>
  <LoggerRunSettings>
    <Loggers>
      <Logger friendlyName="blame" enabled="True" />
      <Logger friendlyName="Console" uri="logger://microsoft/TestPlatform/ConsoleLogger/v1" assemblyQualifiedName="Microsoft.VisualStudio.TestPlatform.CommandLine.Internal.ConsoleLogger, vstest.console, Version=15.0.0.0, Culture=neutral, PublicKeyToken=b03f5f7f11d50a3a" codeBase="C:\Program Files\dotnet\sdk\5.0.100\vstest.console.dll" enabled="True" />
    </Loggers>
  </LoggerRunSettings>
  <DataCollectionRunSettings>
    <DataCollectors>
      <DataCollector friendlyName="blame" enabled="True">
        <Configuration>
          <ResultsDirectory>C:\Users\User\source\repos\Erecruta.IntegratedTest\bin\Debug\fine-code-coverage\_outputfolder</ResultsDirectory>
        </Configuration>
      </DataCollector>
    </DataCollectors>
  </DataCollectionRunSettings>
</RunSettings>

TpTrace Verbose: 0 : 23612, 1, 2020/12/01, 10:27:49.794, 15068507583042, vstest.console.dll, TestRunRequest.ExecuteAsync: Wait for the first run request is over.
TpTrace Verbose: 0 : 23612, 1, 2020/12/01, 10:27:49.794, 15068507588172, vstest.console.dll, ParallelProxyExecutionManager: Start execution. Total sources: 1
TpTrace Information: 0 : 23612, 1, 2020/12/01, 10:27:49.795, 15068507596491, vstest.console.dll, ProxyParallelExecutionManager: Triggering test run for next source: C:\Users\User\source\repos\Erecruta.IntegratedTest\bin\Debug\fine-code-coverage\Erecruta.IntegratedTest.dll
TpTrace Verbose: 0 : 23612, 4, 2020/12/01, 10:27:49.795, 15068507598370, vstest.console.dll, ParallelProxyExecutionManager: Execution started. Started clients: 1
TpTrace Verbose: 0 : 23612, 1, 2020/12/01, 10:27:49.795, 15068507599062, vstest.console.dll, ProxyParallelExecutionManager: No sources available for execution.
TpTrace Information: 0 : 23612, 1, 2020/12/01, 10:27:49.795, 15068507599797, vstest.console.dll, TestRunRequest.ExecuteAsync: Started.
TpTrace Verbose: 0 : 23612, 1, 2020/12/01, 10:27:49.795, 15068507600731, vstest.console.dll, TestRunRequest.WaitForCompletion: Waiting with timeout -1.
TpTrace Verbose: 0 : 23612, 4, 2020/12/01, 10:27:49.796, 15068507602036, vstest.console.dll, TestRunRequest:SendTestRunMessage: Starting.
TpTrace Information: 0 : 23612, 4, 2020/12/01, 10:27:49.796, 15068507604600, vstest.console.dll, TestRunRequest:SendTestRunMessage: Completed.
TpTrace Verbose: 0 : 23612, 4, 2020/12/01, 10:27:49.796, 15068507607146, vstest.console.dll, ProxyExecutionManager: Test host is always Lazy initialize.
TpTrace Verbose: 0 : 23612, 4, 2020/12/01, 10:27:49.796, 15068507610655, vstest.console.dll, TestRequestSender.InitializeCommunication: initialize communication. 
TpTrace Information: 0 : 23612, 4, 2020/12/01, 10:27:49.797, 15068507616533, vstest.console.dll, SocketServer.Start: Listening on endpoint : 127.0.0.1:60671
TpTrace Verbose: 0 : 23612, 4, 2020/12/01, 10:27:49.798, 15068507624490, vstest.console.dll, DotnetTestHostmanager: Adding  --runtimeconfig "C:\Users\User\source\repos\Erecruta.IntegratedTest\bin\Debug\fine-code-coverage\Erecruta.IntegratedTest.runtimeconfig.json" in args
TpTrace Verbose: 0 : 23612, 4, 2020/12/01, 10:27:49.798, 15068507625605, vstest.console.dll, DotnetTestHostmanager: Adding  --depsfile "C:\Users\User\source\repos\Erecruta.IntegratedTest\bin\Debug\fine-code-coverage\Erecruta.IntegratedTest.deps.json" in args
TpTrace Verbose: 0 : 23612, 4, 2020/12/01, 10:27:49.799, 15068507637075, vstest.console.dll, DotnetTestHostManager: Testhost.exe/testhost.x86.exe found at path: C:\Users\User\source\repos\Erecruta.IntegratedTest\bin\Debug\fine-code-coverage\testhost.exe
TpTrace Verbose: 0 : 23612, 4, 2020/12/01, 10:27:49.799, 15068507638793, vstest.console.dll, DotnetTestHostmanager: Full path of host exe is C:\Users\User\source\repos\Erecruta.IntegratedTest\bin\Debug\fine-code-coverage\testhost.exe
TpTrace Verbose: 0 : 23612, 6, 2020/12/01, 10:27:49.804, 15068507688504, vstest.console.dll, DotnetTestHostManager: Starting process 'C:\Users\User\source\repos\Erecruta.IntegratedTest\bin\Debug\fine-code-coverage\testhost.exe' with command line ' --runtimeconfig "C:\Users\User\source\repos\Erecruta.IntegratedTest\bin\Debug\fine-code-coverage\Erecruta.IntegratedTest.runtimeconfig.json" --depsfile "C:\Users\User\source\repos\Erecruta.IntegratedTest\bin\Debug\fine-code-coverage\Erecruta.IntegratedTest.deps.json" --port 60671 --endpoint 127.0.0.1:060671 --role client --parentprocessid 23612 --diag "C:\Users\User\source\repos\Erecruta.IntegratedTest\bin\Debug\fine-code-coverage\_outputfolder\diagnostics.host.20-12-01_10-27-49_79783_4.log" --tracelevel 4 --datacollectionport 60670 --telemetryoptedin false'
TpTrace Verbose: 0 : 23612, 6, 2020/12/01, 10:27:49.812, 15068507766585, vstest.console.dll, Test Runtime launched
TpTrace Verbose: 0 : 23612, 4, 2020/12/01, 10:27:49.813, 15068507779246, vstest.console.dll, TestRequestSender.WaitForRequestHandlerConnection: waiting for connection with timeout: 90000
TpTrace Verbose: 0 : 23612, 6, 2020/12/01, 10:27:50.371, 15068513357631, vstest.console.dll, SocketServer.OnClientConnected: Client connected for endPoint: 127.0.0.1:60671, starting MessageLoopAsync:
TpTrace Verbose: 0 : 23612, 6, 2020/12/01, 10:27:50.371, 15068513360891, vstest.console.dll, TcpClientExtensions.MessageLoopAsync: Polling on remoteEndPoint: 127.0.0.1:60672 localEndPoint: 127.0.0.1:60671
TpTrace Verbose: 0 : 23612, 6, 2020/12/01, 10:27:50.685, 15068516499135, vstest.console.dll, TcpClientExtensions.MessageLoopAsync: NotifyDataAvailable remoteEndPoint: 127.0.0.1:60672 localEndPoint: 127.0.0.1:60671
TpTrace Verbose: 0 : 23612, 6, 2020/12/01, 10:27:50.685, 15068516501581, vstest.console.dll, TestRequestSender.CheckVersionWithTestHost: onMessageReceived received message: (ProtocolVersion) -> 3
TpTrace Verbose: 0 : 23612, 6, 2020/12/01, 10:27:50.687, 15068516514900, vstest.console.dll, TcpClientExtensions.MessageLoopAsync: Polling on remoteEndPoint: 127.0.0.1:60672 localEndPoint: 127.0.0.1:60671
TpTrace Verbose: 0 : 23612, 4, 2020/12/01, 10:27:50.687, 15068516516021, vstest.console.dll, TestPluginCache.GetExtensionPaths: Filtered extension paths: 
TpTrace Verbose: 0 : 23612, 4, 2020/12/01, 10:27:50.687, 15068516517804, vstest.console.dll, TestPluginCache.GetExtensionPaths: Added default extension paths: C:\Program Files\dotnet\sdk\5.0.100\Extensions\Microsoft.Diagnostics.NETCore.Client.dll
C:\Program Files\dotnet\sdk\5.0.100\Extensions\Microsoft.TestPlatform.Extensions.BlameDataCollector.dll
C:\Program Files\dotnet\sdk\5.0.100\Extensions\Microsoft.TestPlatform.Extensions.EventLogCollector.dll
C:\Program Files\dotnet\sdk\5.0.100\Extensions\Microsoft.TestPlatform.TestHostRuntimeProvider.dll
C:\Program Files\dotnet\sdk\5.0.100\Extensions\Microsoft.VisualStudio.TestPlatform.Extensions.Html.TestLogger.dll
C:\Program Files\dotnet\sdk\5.0.100\Extensions\Microsoft.VisualStudio.TestPlatform.Extensions.Trx.TestLogger.dll
TpTrace Verbose: 0 : 23612, 4, 2020/12/01, 10:27:50.687, 15068516518258, vstest.console.dll, TestPluginCache.GetExtensionPaths: Added unfilterableExtensionPaths: 
TpTrace Verbose: 0 : 23612, 4, 2020/12/01, 10:27:50.692, 15068516561706, vstest.console.dll, TestRequestSender.InitializeExecution: Sending initializing execution with message: {"Version":3,"MessageType":"TestExecution.Initialize","Payload":["C:\\Users\\User\\source\\repos\\Erecruta.IntegratedTest\\bin\\Debug\\fine-code-coverage\\xunit.runner.visualstudio.dotnetcore.testadapter.dll"]}
TpTrace Verbose: 0 : 23612, 4, 2020/12/01, 10:27:50.710, 15068516744064, vstest.console.dll, TestRequestSender.StartTestRun: Sending test run with message: {"Version":3,"MessageType":"TestExecution.StartWithSources","Payload":{"AdapterSourceMap":{"_none_":["C:\\Users\\User\\source\\repos\\Erecruta.IntegratedTest\\bin\\Debug\\fine-code-coverage\\Erecruta.IntegratedTest.dll"]},"RunSettings":"<RunSettings>\r\n  <RunConfiguration>\r\n    <ResultsDirectory>C:\\Users\\User\\source\\repos\\Erecruta.IntegratedTest\\bin\\Debug\\fine-code-coverage\\_outputfolder</ResultsDirectory>\r\n    <TargetPlatform>X64</TargetPlatform>\r\n    <TargetFrameworkVersion>.NETCoreApp,Version=v3.1</TargetFrameworkVersion>\r\n    <DesignMode>False</DesignMode>\r\n    <CollectSourceInformation>False</CollectSourceInformation>\r\n  </RunConfiguration>\r\n  <LoggerRunSettings>\r\n    <Loggers>\r\n      <Logger friendlyName=\"blame\" enabled=\"True\" />\r\n      <Logger friendlyName=\"Console\" uri=\"logger://microsoft/TestPlatform/ConsoleLogger/v1\" assemblyQualifiedName=\"Microsoft.VisualStudio.TestPlatform.CommandLine.Internal.ConsoleLogger, vstest.console, Version=15.0.0.0, Culture=neutral, PublicKeyToken=b03f5f7f11d50a3a\" codeBase=\"C:\\Program Files\\dotnet\\sdk\\5.0.100\\vstest.console.dll\" enabled=\"True\" />\r\n    </Loggers>\r\n  </LoggerRunSettings>\r\n  <DataCollectionRunSettings>\r\n    <DataCollectors>\r\n      <DataCollector friendlyName=\"blame\" enabled=\"True\">\r\n        <Configuration>\r\n          <ResultsDirectory>C:\\Users\\User\\source\\repos\\Erecruta.IntegratedTest\\bin\\Debug\\fine-code-coverage\\_outputfolder</ResultsDirectory>\r\n        </Configuration>\r\n      </DataCollector>\r\n    </DataCollectors>\r\n  </DataCollectionRunSettings>\r\n</RunSettings>","TestExecutionContext":{"FrequencyOfRunStatsChangeEvent":10,"RunStatsChangeEventTimeout":"00:00:01.5000000","InIsolation":false,"KeepAlive":false,"AreTestCaseLevelEventsRequired":false,"IsDebug":false,"TestCaseFilter":null,"FilterOptions":null},"Package":null}}
TpTrace Verbose: 0 : 23612, 6, 2020/12/01, 10:27:50.723, 15068516871703, vstest.console.dll, TcpClientExtensions.MessageLoopAsync: NotifyDataAvailable remoteEndPoint: 127.0.0.1:60672 localEndPoint: 127.0.0.1:60671
TpTrace Verbose: 0 : 23612, 6, 2020/12/01, 10:27:50.723, 15068516873382, vstest.console.dll, TestRequestSender.OnExecutionMessageReceived: Received message: {"Version":3,"MessageType":"TestSession.Message","Payload":{"MessageLevel":0,"Message":"Registro em log do diagnóstico TestHost no arquivo: C:\\Users\\User\\source\\repos\\Erecruta.IntegratedTest\\bin\\Debug\\fine-code-coverage\\_outputfolder\\diagnostics.host.20-12-01_10-27-49_79783_4.log"}}
TpTrace Verbose: 0 : 23612, 6, 2020/12/01, 10:27:50.726, 15068516903945, vstest.console.dll, TestRunRequest:SendTestRunMessage: Starting.
TpTrace Information: 0 : 23612, 6, 2020/12/01, 10:27:50.726, 15068516905419, vstest.console.dll, TestRunRequest:SendTestRunMessage: Completed.
TpTrace Verbose: 0 : 23612, 6, 2020/12/01, 10:27:50.726, 15068516905920, vstest.console.dll, TcpClientExtensions.MessageLoopAsync: Polling on remoteEndPoint: 127.0.0.1:60672 localEndPoint: 127.0.0.1:60671
TpTrace Verbose: 0 : 23612, 6, 2020/12/01, 10:27:50.980, 15068519444713, vstest.console.dll, TcpClientExtensions.MessageLoopAsync: NotifyDataAvailable remoteEndPoint: 127.0.0.1:60672 localEndPoint: 127.0.0.1:60671
TpTrace Verbose: 0 : 23612, 6, 2020/12/01, 10:27:50.980, 15068519446014, vstest.console.dll, TestRequestSender.OnExecutionMessageReceived: Received message: {"Version":3,"MessageType":"TestSession.Message","Payload":{"MessageLevel":0,"Message":"[xUnit.net 00:00:00.00] xUnit.net VSTest Adapter v2.4.3+1b45f5407b (64-bit .NET Core 3.1.9)"}}
TpTrace Verbose: 0 : 23612, 6, 2020/12/01, 10:27:50.980, 15068519449339, vstest.console.dll, TestRunRequest:SendTestRunMessage: Starting.
TpTrace Information: 0 : 23612, 6, 2020/12/01, 10:27:50.980, 15068519450412, vstest.console.dll, TestRunRequest:SendTestRunMessage: Completed.
TpTrace Verbose: 0 : 23612, 6, 2020/12/01, 10:27:50.980, 15068519450921, vstest.console.dll, TcpClientExtensions.MessageLoopAsync: Polling on remoteEndPoint: 127.0.0.1:60672 localEndPoint: 127.0.0.1:60671
TpTrace Verbose: 0 : 23612, 6, 2020/12/01, 10:27:51.916, 15068528805670, vstest.console.dll, TcpClientExtensions.MessageLoopAsync: NotifyDataAvailable remoteEndPoint: 127.0.0.1:60672 localEndPoint: 127.0.0.1:60671
TpTrace Verbose: 0 : 23612, 6, 2020/12/01, 10:27:51.916, 15068528806884, vstest.console.dll, TestRequestSender.OnExecutionMessageReceived: Received message: {"Version":3,"MessageType":"TestSession.Message","Payload":{"MessageLevel":0,"Message":"[xUnit.net 00:00:00.94]   Discovering: Erecruta.IntegratedTest"}}
TpTrace Verbose: 0 : 23612, 6, 2020/12/01, 10:27:51.916, 15068528809348, vstest.console.dll, TestRunRequest:SendTestRunMessage: Starting.
TpTrace Information: 0 : 23612, 6, 2020/12/01, 10:27:51.916, 15068528810063, vstest.console.dll, TestRunRequest:SendTestRunMessage: Completed.
TpTrace Verbose: 0 : 23612, 6, 2020/12/01, 10:27:51.916, 15068528810442, vstest.console.dll, TcpClientExtensions.MessageLoopAsync: Polling on remoteEndPoint: 127.0.0.1:60672 localEndPoint: 127.0.0.1:60671
TpTrace Verbose: 0 : 23612, 6, 2020/12/01, 10:27:52.047, 15068530113378, vstest.console.dll, TcpClientExtensions.MessageLoopAsync: NotifyDataAvailable remoteEndPoint: 127.0.0.1:60672 localEndPoint: 127.0.0.1:60671
TpTrace Verbose: 0 : 23612, 6, 2020/12/01, 10:27:52.047, 15068530115530, vstest.console.dll, TestRequestSender.OnExecutionMessageReceived: Received message: {"Version":3,"MessageType":"TestSession.Message","Payload":{"MessageLevel":0,"Message":"[xUnit.net 00:00:01.07]   Discovered:  Erecruta.IntegratedTest"}}
TpTrace Verbose: 0 : 23612, 6, 2020/12/01, 10:27:52.047, 15068530117432, vstest.console.dll, TestRunRequest:SendTestRunMessage: Starting.
TpTrace Information: 0 : 23612, 6, 2020/12/01, 10:27:52.047, 15068530118197, vstest.console.dll, TestRunRequest:SendTestRunMessage: Completed.
TpTrace Verbose: 0 : 23612, 6, 2020/12/01, 10:27:52.047, 15068530118581, vstest.console.dll, TcpClientExtensions.MessageLoopAsync: Polling on remoteEndPoint: 127.0.0.1:60672 localEndPoint: 127.0.0.1:60671
TpTrace Verbose: 0 : 23612, 6, 2020/12/01, 10:27:52.053, 15068530178780, vstest.console.dll, TcpClientExtensions.MessageLoopAsync: NotifyDataAvailable remoteEndPoint: 127.0.0.1:60672 localEndPoint: 127.0.0.1:60671
TpTrace Verbose: 0 : 23612, 6, 2020/12/01, 10:27:52.053, 15068530179940, vstest.console.dll, TestRequestSender.OnExecutionMessageReceived: Received message: {"Version":3,"MessageType":"TestSession.Message","Payload":{"MessageLevel":0,"Message":"[xUnit.net 00:00:01.07]   Starting:    Erecruta.IntegratedTest"}}
TpTrace Verbose: 0 : 23612, 6, 2020/12/01, 10:27:52.054, 15068530181823, vstest.console.dll, TestRunRequest:SendTestRunMessage: Starting.
TpTrace Information: 0 : 23612, 6, 2020/12/01, 10:27:52.054, 15068530182430, vstest.console.dll, TestRunRequest:SendTestRunMessage: Completed.
TpTrace Verbose: 0 : 23612, 6, 2020/12/01, 10:27:52.054, 15068530182909, vstest.console.dll, TcpClientExtensions.MessageLoopAsync: Polling on remoteEndPoint: 127.0.0.1:60672 localEndPoint: 127.0.0.1:60671
TpTrace Verbose: 0 : 23612, 6, 2020/12/01, 10:27:52.570, 15068535347182, vstest.console.dll, TcpClientExtensions.MessageLoopAsync: NotifyDataAvailable remoteEndPoint: 127.0.0.1:60672 localEndPoint: 127.0.0.1:60671
TpTrace Verbose: 0 : 23612, 6, 2020/12/01, 10:27:52.570, 15068535348793, vstest.console.dll, TestRequestSender.OnExecutionMessageReceived: Received message: {"Version":3,"MessageType":"TestExecution.StatsChange","Payload":{"NewTestResults":[],"TestRunStatistics":{"ExecutedTests":0,"Stats":{}},"ActiveTests":[{"Properties":[{"Key":{"Id":"TestCase.FullyQualifiedName","Label":"FullyQualifiedName","Category":"","Description":"","Attributes":1,"ValueType":"System.String"},"Value":"Erecruta.IntegratedTest.Feature.OportunidadeFeature.ObterOportunidadeInexistente"},{"Key":{"Id":"TestCase.ExecutorUri","Label":"Executor Uri","Category":"","Description":"","Attributes":1,"ValueType":"System.Uri"},"Value":"executor://xunit/VsTestRunner2/netcoreapp"},{"Key":{"Id":"TestCase.Source","Label":"Source","Category":"","Description":"","Attributes":0,"ValueType":"System.String"},"Value":"C:\\Users\\User\\source\\repos\\Erecruta.IntegratedTest\\bin\\Debug\\fine-code-coverage\\Erecruta.IntegratedTest.dll"},{"Key":{"Id":"TestCase.CodeFilePath","Label":"File Path","Category":"","Description":"","Attributes":0,"ValueType":"System.String"},"Value":null},{"Key":{"Id":"TestCase.DisplayName","Label":"Name","Category":"","Description":"","Attributes":0,"ValueType":"System.String"},"Value":"Obter Oportunidade inexistente(id: \"2\", resposta: \"200\", exampleTags: [])"},{"Key":{"Id":"TestCase.Id","Label":"Id","Category":"","Description":"","Attributes":1,"ValueType":"System.Guid"},"Value":"406b2498-7147-f680-1c83-45c5ce2cc5ca"},{"Key":{"Id":"TestCase.LineNumber","Label":"Line Number","Category":"","Description":"","Attributes":1,"ValueType":"System.Int32"},"Value":0},{"Key":{"Id":"TestObject.Traits","Label":"Traits","Category":"","Description":"","Attributes":5,"ValueType":"System.Collections.Generic.KeyValuePair`2[[System.String],[System.String]][]"},"Value":[{"Key":"FeatureTitle","Value":"Oportunidade"},{"Key":"Description","Value":"Obter Oportunidade inexistente"}]}]}]}}
TpTrace Information: 0 : 23612, 6, 2020/12/01, 10:27:52.630, 15068535943737, vstest.console.dll, AssemblyResolver.OnResolve: System.Private.DataContractSerialization.resources: Resolving assembly.
TpTrace Information: 0 : 23612, 6, 2020/12/01, 10:27:52.630, 15068535946601, vstest.console.dll, AssemblyResolver.OnResolve: System.Private.DataContractSerialization.resources: Failed to load assembly.
TpTrace Information: 0 : 23612, 6, 2020/12/01, 10:27:52.630, 15068535949573, vstest.console.dll, AssemblyResolver.OnResolve: System.Private.DataContractSerialization.resources: Resolving assembly.
TpTrace Information: 0 : 23612, 6, 2020/12/01, 10:27:52.630, 15068535950309, vstest.console.dll, AssemblyResolver.OnResolve: System.Private.DataContractSerialization.resources: Resolved from cache.
TpTrace Verbose: 0 : 23612, 6, 2020/12/01, 10:27:52.638, 15068536025589, vstest.console.dll, TestRunRequest:SendTestRunStatsChange: Starting.
TpTrace Verbose: 0 : 23612, 6, 2020/12/01, 10:27:52.638, 15068536027017, vstest.console.dll, InProgress is Obter Oportunidade inexistente(id: "2", resposta: "200", exampleTags: [])
TpTrace Information: 0 : 23612, 6, 2020/12/01, 10:27:52.638, 15068536028144, vstest.console.dll, TestRunRequest:SendTestRunStatsChange: Completed.
TpTrace Verbose: 0 : 23612, 6, 2020/12/01, 10:27:52.638, 15068536028604, vstest.console.dll, TcpClientExtensions.MessageLoopAsync: Polling on remoteEndPoint: 127.0.0.1:60672 localEndPoint: 127.0.0.1:60671
TpTrace Verbose: 0 : 23612, 6, 2020/12/01, 10:27:53.646, 15068546103829, vstest.console.dll, TcpClientExtensions.MessageLoopAsync: Polling on remoteEndPoint: 127.0.0.1:60672 localEndPoint: 127.0.0.1:60671
TpTrace Verbose: 0 : 23612, 6, 2020/12/01, 10:27:53.977, 15068549414665, vstest.console.dll, TcpClientExtensions.MessageLoopAsync: NotifyDataAvailable remoteEndPoint: 127.0.0.1:60672 localEndPoint: 127.0.0.1:60671
TpTrace Verbose: 0 : 23612, 6, 2020/12/01, 10:27:53.977, 15068549416389, vstest.console.dll, TestRequestSender.OnExecutionMessageReceived: Received message: {"Version":3,"MessageType":"TestSession.Message","Payload":{"MessageLevel":0,"Message":"[xUnit.net 00:00:03.00]   Finished:    Erecruta.IntegratedTest"}}
TpTrace Verbose: 0 : 23612, 6, 2020/12/01, 10:27:53.977, 15068549417843, vstest.console.dll, TestRunRequest:SendTestRunMessage: Starting.
TpTrace Information: 0 : 23612, 6, 2020/12/01, 10:27:53.977, 15068549418470, vstest.console.dll, TestRunRequest:SendTestRunMessage: Completed.
TpTrace Verbose: 0 : 23612, 6, 2020/12/01, 10:27:53.977, 15068549418861, vstest.console.dll, TcpClientExtensions.MessageLoopAsync: Polling on remoteEndPoint: 127.0.0.1:60672 localEndPoint: 127.0.0.1:60671
TpTrace Verbose: 0 : 23612, 6, 2020/12/01, 10:27:54.010, 15068549747031, vstest.console.dll, TcpClientExtensions.MessageLoopAsync: NotifyDataAvailable remoteEndPoint: 127.0.0.1:60672 localEndPoint: 127.0.0.1:60671
TpTrace Verbose: 0 : 23612, 6, 2020/12/01, 10:27:54.010, 15068549749199, vstest.console.dll, TestRequestSender.OnExecutionMessageReceived: Received message: {"Version":3,"MessageType":"TestExecution.Completed","Payload":{"TestRunCompleteArgs":{"TestRunStatistics":{"ExecutedTests":3,"Stats":{"Passed":3}},"IsCanceled":false,"IsAborted":false,"Error":null,"AttachmentSets":[],"ElapsedTimeInRunningTests":"00:00:03.0157274","Metrics":{}},"LastRunTests":{"NewTestResults":[{"TestCase":{"Properties":[{"Key":{"Id":"TestCase.FullyQualifiedName","Label":"FullyQualifiedName","Category":"","Description":"","Attributes":1,"ValueType":"System.String"},"Value":"Erecruta.IntegratedTest.Feature.OportunidadeFeature.ObterOportunidadeInexistente"},{"Key":{"Id":"TestCase.ExecutorUri","Label":"Executor Uri","Category":"","Description":"","Attributes":1,"ValueType":"System.Uri"},"Value":"executor://xunit/VsTestRunner2/netcoreapp"},{"Key":{"Id":"TestCase.Source","Label":"Source","Category":"","Description":"","Attributes":0,"ValueType":"System.String"},"Value":"C:\\Users\\User\\source\\repos\\Erecruta.IntegratedTest\\bin\\Debug\\fine-code-coverage\\Erecruta.IntegratedTest.dll"},{"Key":{"Id":"TestCase.CodeFilePath","Label":"File Path","Category":"","Description":"","Attributes":0,"ValueType":"System.String"},"Value":null},{"Key":{"Id":"TestCase.DisplayName","Label":"Name","Category":"","Description":"","Attributes":0,"ValueType":"System.String"},"Value":"Obter Oportunidade inexistente(id: \"2\", resposta: \"200\", exampleTags: [])"},{"Key":{"Id":"TestCase.Id","Label":"Id","Category":"","Description":"","Attributes":1,"ValueType":"System.Guid"},"Value":"406b2498-7147-f680-1c83-45c5ce2cc5ca"},{"Key":{"Id":"TestCase.LineNumber","Label":"Line Number","Category":"","Description":"","Attributes":1,"ValueType":"System.Int32"},"Value":0},{"Key":{"Id":"TestObject.Traits","Label":"Traits","Category":"","Description":"","Attributes":5,"ValueType":"System.Collections.Generic.KeyValuePair`2[[System.String],[System.String]][]"},"Value":[{"Key":"FeatureTitle","Value":"Oportunidade"},{"Key":"Description","Value":"Obter Oportunidade inexistente"}]}]},"Attachments":[],"Messages":[{"Category":"StdOutMsgs","Text":"Dado que o endpoint é 'Oportunidade/obter'\r\n-> done: OportunidadeStep.DadoQueAUrlDoEndPointEh(\"Oportunidade/obter\") (0,0s)\r\nE que o método http é 'GET'\r\n-> done: OportunidadeStep.DadoQueOMetodoHttpEh(\"GET\") (0,0s)\r\nE que o id é 2\r\n-> done: OportunidadeStep.DadoQueOIdDaOportunidadeEh(2) (0,0s)\r\nQuando obter a oportunidade\r\n-> done: OportunidadeStep.QuandoObterAOportunidade() (0,5s)\r\nEntão a resposta será 200\r\n-> done: OportunidadeStep.EntaoARespostaSera(OK) (0,0s)\r\n"}],"Properties":[{"Key":{"Id":"TestResult.Outcome","Label":"Outcome","Category":"","Description":"","Attributes":0,"ValueType":"Microsoft.VisualStudio.TestPlatform.ObjectModel.TestOutcome, Microsoft.VisualStudio.TestPlatform.ObjectModel, Version=15.0.0.0, Culture=neutral, PublicKeyToken=b03f5f7f11d50a3a"},"Value":1},{"Key":{"Id":"TestResult.ErrorMessage","Label":"Error Message","Category":"","Description":"","Attributes":0,"ValueType":"System.String"},"Value":null},{"Key":{"Id":"TestResult.ErrorStackTrace","Label":"Error Stack Trace","Category":"","Description":"","Attributes":0,"ValueType":"System.String"},"Value":null},{"Key":{"Id":"TestResult.DisplayName","Label":"TestResult Display Name","Category":"","Description":"","Attributes":1,"ValueType":"System.String"},"Value":"Obter Oportunidade inexistente(id: \"2\", resposta: \"200\", exampleTags: [])"},{"Key":{"Id":"TestResult.ComputerName","Label":"Computer Name","Category":"","Description":"","Attributes":0,"ValueType":"System.String"},"Value":"DANILO"},{"Key":{"Id":"TestResult.Duration","Label":"Duration","Category":"","Description":"","Attributes":0,"ValueType":"System.TimeSpan"},"Value":"00:00:00.6292243"},{"Key":{"Id":"TestResult.StartTime","Label":"Start Time","Category":"","Description":"","Attributes":0,"ValueType":"System.DateTimeOffset"},"Value":"2020-12-01T13:27:53.1863998+00:00"},{"Key":{"Id":"TestResult.EndTime","Label":"End Time","Category":"","Description":"","Attributes":0,"ValueType":"System.DateTimeOffset"},"Value":"2020-12-01T13:27:53.1864403+00:00"}]},{"TestCase":{"Properties":[{"Key":{"Id":"TestCase.FullyQualifiedName","Label":"FullyQualifiedName","Category":"","Description":"","Attributes":1,"ValueType":"System.String"},"Value":"Erecruta.IntegratedTest.Feature.OportunidadeFeature.ObterOportunidadeInexistente"},{"Key":{"Id":"TestCase.ExecutorUri","Label":"Executor Uri","Category":"","Description":"","Attributes":1,"ValueType":"System.Uri"},"Value":"executor://xunit/VsTestRunner2/netcoreapp"},{"Key":{"Id":"TestCase.Source","Label":"Source","Category":"","Description":"","Attributes":0,"ValueType":"System.String"},"Value":"C:\\Users\\User\\source\\repos\\Erecruta.IntegratedTest\\bin\\Debug\\fine-code-coverage\\Erecruta.IntegratedTest.dll"},{"Key":{"Id":"TestCase.CodeFilePath","Label":"File Path","Category":"","Description":"","Attributes":0,"ValueType":"System.String"},"Value":null},{"Key":{"Id":"TestCase.DisplayName","Label":"Name","Category":"","Description":"","Attributes":0,"ValueType":"System.String"},"Value":"Obter Oportunidade inexistente(id: \"1\", resposta: \"404\", exampleTags: [])"},{"Key":{"Id":"TestCase.Id","Label":"Id","Category":"","Description":"","Attributes":1,"ValueType":"System.Guid"},"Value":"e6a163b3-627d-f1f2-f308-346946053fa1"},{"Key":{"Id":"TestCase.LineNumber","Label":"Line Number","Category":"","Description":"","Attributes":1,"ValueType":"System.Int32"},"Value":0},{"Key":{"Id":"TestObject.Traits","Label":"Traits","Category":"","Description":"","Attributes":5,"ValueType":"System.Collections.Generic.KeyValuePair`2[[System.String],[System.String]][]"},"Value":[{"Key":"FeatureTitle","Value":"Oportunidade"},{"Key":"Description","Value":"Obter Oportunidade inexistente"}]}]},"Attachments":[],"Messages":[{"Category":"StdOutMsgs","Text":"Dado que o endpoint é 'Oportunidade/obter'\r\n-> done: OportunidadeStep.DadoQueAUrlDoEndPointEh(\"Oportunidade/obter\") (0,0s)\r\nE que o método http é 'GET'\r\n-> done: OportunidadeStep.DadoQueOMetodoHttpEh(\"GET\") (0,0s)\r\nE que o id é 1\r\n-> done: OportunidadeStep.DadoQueOIdDaOportunidadeEh(1) (0,0s)\r\nQuando obter a oportunidade\r\n-> done: OportunidadeStep.QuandoObterAOportunidade() (0,0s)\r\nEntão a resposta será 404\r\n-> done: OportunidadeStep.EntaoARespostaSera(NotFound) (0,0s)\r\n"}],"Properties":[{"Key":{"Id":"TestResult.Outcome","Label":"Outcome","Category":"","Description":"","Attributes":0,"ValueType":"Microsoft.VisualStudio.TestPlatform.ObjectModel.TestOutcome, Microsoft.VisualStudio.TestPlatform.ObjectModel, Version=15.0.0.0, Culture=neutral, PublicKeyToken=b03f5f7f11d50a3a"},"Value":1},{"Key":{"Id":"TestResult.ErrorMessage","Label":"Error Message","Category":"","Description":"","Attributes":0,"ValueType":"System.String"},"Value":null},{"Key":{"Id":"TestResult.ErrorStackTrace","Label":"Error Stack Trace","Category":"","Description":"","Attributes":0,"ValueType":"System.String"},"Value":null},{"Key":{"Id":"TestResult.DisplayName","Label":"TestResult Display Name","Category":"","Description":"","Attributes":1,"ValueType":"System.String"},"Value":"Obter Oportunidade inexistente(id: \"1\", resposta: \"404\", exampleTags: [])"},{"Key":{"Id":"TestResult.ComputerName","Label":"Computer Name","Category":"","Description":"","Attributes":0,"ValueType":"System.String"},"Value":"DANILO"},{"Key":{"Id":"TestResult.Duration","Label":"Duration","Category":"","Description":"","Attributes":0,"ValueType":"System.TimeSpan"},"Value":"00:00:00.0180651"},{"Key":{"Id":"TestResult.StartTime","Label":"Start Time","Category":"","Description":"","Attributes":0,"ValueType":"System.DateTimeOffset"},"Value":"2020-12-01T13:27:53.2192939+00:00"},{"Key":{"Id":"TestResult.EndTime","Label":"End Time","Category":"","Description":"","Attributes":0,"ValueType":"System.DateTimeOffset"},"Value":"2020-12-01T13:27:53.2192962+00:00"}]},{"TestCase":{"Properties":[{"Key":{"Id":"TestCase.FullyQualifiedName","Label":"FullyQualifiedName","Category":"","Description":"","Attributes":1,"ValueType":"System.String"},"Value":"Erecruta.IntegratedTest.Feature.OportunidadeFeature.ListarOportunidades"},{"Key":{"Id":"TestCase.ExecutorUri","Label":"Executor Uri","Category":"","Description":"","Attributes":1,"ValueType":"System.Uri"},"Value":"executor://xunit/VsTestRunner2/netcoreapp"},{"Key":{"Id":"TestCase.Source","Label":"Source","Category":"","Description":"","Attributes":0,"ValueType":"System.String"},"Value":"C:\\Users\\User\\source\\repos\\Erecruta.IntegratedTest\\bin\\Debug\\fine-code-coverage\\Erecruta.IntegratedTest.dll"},{"Key":{"Id":"TestCase.CodeFilePath","Label":"File Path","Category":"","Description":"","Attributes":0,"ValueType":"System.String"},"Value":null},{"Key":{"Id":"TestCase.DisplayName","Label":"Name","Category":"","Description":"","Attributes":0,"ValueType":"System.String"},"Value":"Listar Oportunidades"},{"Key":{"Id":"TestCase.Id","Label":"Id","Category":"","Description":"","Attributes":1,"ValueType":"System.Guid"},"Value":"6608be7e-9164-36c0-b73b-5d597ae7bb71"},{"Key":{"Id":"TestCase.LineNumber","Label":"Line Number","Category":"","Description":"","Attributes":1,"ValueType":"System.Int32"},"Value":0},{"Key":{"Id":"TestObject.Traits","Label":"Traits","Category":"","Description":"","Attributes":5,"ValueType":"System.Collections.Generic.KeyValuePair`2[[System.String],[System.String]][]"},"Value":[{"Key":"FeatureTitle","Value":"Oportunidade"},{"Key":"Description","Value":"Listar Oportunidades"}]}]},"Attachments":[],"Messages":[{"Category":"StdOutMsgs","Text":"Dado que o endpoint é 'Oportunidade/listar'\r\n-> done: OportunidadeStep.DadoQueAUrlDoEndPointEh(\"Oportunidade/listar\") (0,0s)\r\nE que o método http é 'GET'\r\n-> done: OportunidadeStep.DadoQueOMetodoHttpEh(\"GET\") (0,0s)\r\nQuando obter a oportunidade\r\n-> done: OportunidadeStep.QuandoObterAOportunidade() (0,7s)\r\nEntão a resposta será 200\r\n-> done: OportunidadeStep.EntaoARespostaSera(OK) (0,0s)\r\n"}],"Properties":[{"Key":{"Id":"TestResult.Outcome","Label":"Outcome","Category":"","Description":"","Attributes":0,"ValueType":"Microsoft.VisualStudio.TestPlatform.ObjectModel.TestOutcome, Microsoft.VisualStudio.TestPlatform.ObjectModel, Version=15.0.0.0, Culture=neutral, PublicKeyToken=b03f5f7f11d50a3a"},"Value":1},{"Key":{"Id":"TestResult.ErrorMessage","Label":"Error Message","Category":"","Description":"","Attributes":0,"ValueType":"System.String"},"Value":null},{"Key":{"Id":"TestResult.ErrorStackTrace","Label":"Error Stack Trace","Category":"","Description":"","Attributes":0,"ValueType":"System.String"},"Value":null},{"Key":{"Id":"TestResult.DisplayName","Label":"TestResult Display Name","Category":"","Description":"","Attributes":1,"ValueType":"System.String"},"Value":"Listar Oportunidades"},{"Key":{"Id":"TestResult.ComputerName","Label":"Computer Name","Category":"","Description":"","Attributes":0,"ValueType":"System.String"},"Value":"DANILO"},{"Key":{"Id":"TestResult.Duration","Label":"Duration","Category":"","Description":"","Attributes":0,"ValueType":"System.TimeSpan"},"Value":"00:00:00.7457342"},{"Key":{"Id":"TestResult.StartTime","Label":"Start Time","Category":"","Description":"","Attributes":0,"ValueType":"System.DateTimeOffset"},"Value":"2020-12-01T13:27:53.9505239+00:00"},{"Key":{"Id":"TestResult.EndTime","Label":"End Time","Category":"","Description":"","Attributes":0,"ValueType":"System.DateTimeOffset"},"Value":"2020-12-01T13:27:53.9505349+00:00"}]}],"TestRunStatistics":{"ExecutedTests":3,"Stats":{"Passed":3}},"ActiveTests":[]},"RunAttachments":[],"ExecutorUris":["executor://xunit/VsTestRunner2/netcoreapp"]}}
TpTrace Verbose: 0 : 23612, 6, 2020/12/01, 10:27:54.013, 15068549775626, vstest.console.dll, TestRequestSender.EndSession: Sending end session.
TpTrace Verbose: 0 : 23612, 6, 2020/12/01, 10:27:54.013, 15068549777039, vstest.console.dll, ProxyOperationManager.Close: waiting for test host to exit for 100 ms
TpTrace Warning: 0 : 23612, 10, 2020/12/01, 10:27:54.072, 15068550367703, vstest.console.dll, TestHostManagerCallbacks.ErrorReceivedCallback Test host standard error line: 
TpTrace Verbose: 0 : 23612, 7, 2020/12/01, 10:27:54.091, 15068550552722, vstest.console.dll, TestHostProvider.ExitCallBack: Host exited starting callback.
TpTrace Information: 0 : 23612, 7, 2020/12/01, 10:27:54.092, 15068550566312, vstest.console.dll, TestHostManagerCallbacks.ExitCallBack: Testhost processId: 16328 exited with exitcode: 0 error: ''
TpTrace Verbose: 0 : 23612, 7, 2020/12/01, 10:27:54.092, 15068550567286, vstest.console.dll, DotnetTestHostManager.OnHostExited: invoking OnHostExited callback
TpTrace Verbose: 0 : 23612, 7, 2020/12/01, 10:27:54.092, 15068550568586, vstest.console.dll, CrossPlatEngine.TestHostManagerHostExited: calling on client process exit callback.
TpTrace Information: 0 : 23612, 7, 2020/12/01, 10:27:54.092, 15068550569324, vstest.console.dll, TestRequestSender.OnClientProcessExit: Test host process exited. Standard error: 
TpTrace Information: 0 : 23612, 7, 2020/12/01, 10:27:54.092, 15068550569864, vstest.console.dll, SocketServer.Stop: Stop server endPoint: 127.0.0.1:60671
TpTrace Information: 0 : 23612, 7, 2020/12/01, 10:27:54.092, 15068550570155, vstest.console.dll, SocketServer.Stop: Cancellation requested. Stopping message loop.
TpTrace Warning: 0 : 23612, 6, 2020/12/01, 10:27:54.093, 15068550574435, vstest.console.dll, ProxyOperationManager: Timed out waiting for test host to exit. Will terminate process.
TpTrace Verbose: 0 : 23612, 6, 2020/12/01, 10:27:54.094, 15068550586318, vstest.console.dll, ProxyDataCollectionManager.InvokeDataCollectionServiceAction: Starting.
TpTrace Information: 0 : 23612, 6, 2020/12/01, 10:27:54.094, 15068550587498, vstest.console.dll, ProxyDataCollectionManager.AfterTestRunEnd: Get attachment set for datacollector processId: 31516 port: 60668
TpTrace Verbose: 0 : 23612, 6, 2020/12/01, 10:27:54.094, 15068550588177, vstest.console.dll, DataCollectionRequestSender.SendAfterTestRunStartAndGetResult : Send AfterTestRunEnd message with isCancelled: False
TpTrace Verbose: 0 : 23612, 6, 2020/12/01, 10:27:54.098, 15068550628624, vstest.console.dll, DataCollectionRequestSender.SendAfterTestRunStartAndGetResult : Received message: (DataCollection.SendMessage) -> {
  "FriendlyName": "Blame",
  "Uri": "datacollector://Microsoft/TestPlatform/Extensions/Blame/v1",
  "TestCaseId": "00000000-0000-0000-0000-000000000000",
  "Message": "All tests finished running, Sequence file will not be generated.",
  "Level": 1
}
TpTrace Verbose: 0 : 23612, 6, 2020/12/01, 10:27:54.098, 15068550631022, vstest.console.dll, TestRunRequest:SendTestRunMessage: Starting.
TpTrace Information: 0 : 23612, 6, 2020/12/01, 10:27:54.099, 15068550631655, vstest.console.dll, TestRunRequest:SendTestRunMessage: Completed.
TpTrace Verbose: 0 : 23612, 6, 2020/12/01, 10:27:54.099, 15068550633414, vstest.console.dll, DataCollectionRequestSender.SendAfterTestRunStartAndGetResult : Received message: (DataCollection.AfterTestRunEndResult) -> []
TpTrace Information: 0 : 23612, 6, 2020/12/01, 10:27:54.101, 15068550656893, vstest.console.dll, ProxyDataCollectionManager.InvokeDataCollectionServiceAction: Completed.
TpTrace Warning: 0 : 23612, 9, 2020/12/01, 10:27:54.143, 15068551077527, vstest.console.dll, DataCollectionLauncher.ErrorReceivedCallback datacollector standard error line: 
TpTrace Information: 0 : 23612, 7, 2020/12/01, 10:27:54.159, 15068551232651, vstest.console.dll, DataCollectionLauncher.ExitCallBack: Data collector exited with exitcode: 0 error: ''
TpTrace Verbose: 0 : 23612, 6, 2020/12/01, 10:27:54.165, 15068551298895, vstest.console.dll, TestRunRequest:SendTestRunStatsChange: Starting.
TpTrace Information: 0 : 23612, 6, 2020/12/01, 10:27:54.166, 15068551301907, vstest.console.dll, TestRunRequest:SendTestRunStatsChange: Completed.
TpTrace Verbose: 0 : 23612, 6, 2020/12/01, 10:27:54.166, 15068551304039, vstest.console.dll, ParallelProxyExecutionManager: HandlePartialRunComplete: Total completed clients = 1, Run complete = True, Run canceled: False.
TpTrace Verbose: 0 : 23612, 6, 2020/12/01, 10:27:54.184, 15068551490441, vstest.console.dll, TestRunRequest:TestRunComplete: Starting. IsAborted:False IsCanceled:False.
TpTrace Verbose: 0 : 23612, 6, 2020/12/01, 10:27:54.185, 15068551492882, vstest.console.dll, TestLoggerManager.HandleTestRunComplete: Ignoring as the object is disposed.
TpTrace Information: 0 : 23612, 6, 2020/12/01, 10:27:54.185, 15068551496728, vstest.console.dll, TestRunRequest:TestRunComplete: Completed.
TpTrace Verbose: 0 : 23612, 6, 2020/12/01, 10:27:54.185, 15068551499445, vstest.console.dll, TestRequestSender.SetOperationComplete: Setting operation complete.
TpTrace Information: 0 : 23612, 6, 2020/12/01, 10:27:54.185, 15068551500698, vstest.console.dll, SocketServer.Stop: Stop server endPoint: 127.0.0.1:60671
TpTrace Information: 0 : 23612, 6, 2020/12/01, 10:27:54.185, 15068551501116, vstest.console.dll, SocketServer.Stop: Cancellation requested. Stopping message loop.
TpTrace Verbose: 0 : 23612, 1, 2020/12/01, 10:27:54.185, 15068551501529, vstest.console.dll, TestRunRequest.Dispose: Starting.
TpTrace Information: 0 : 23612, 1, 2020/12/01, 10:27:54.186, 15068551502283, vstest.console.dll, TestRunRequest.Dispose: Completed.
TpTrace Information: 0 : 23612, 6, 2020/12/01, 10:27:54.185, 15068551501577, vstest.console.dll, SocketServer.PrivateStop: Stop server endPoint: 127.0.0.1:60671 error: 
TpTrace Information: 0 : 23612, 1, 2020/12/01, 10:27:54.186, 15068551503076, vstest.console.dll, TestRequestManager.RunTests: run tests completed.
TpTrace Information: 0 : 23612, 1, 2020/12/01, 10:27:54.186, 15068551504093, vstest.console.dll, RunTestsArgumentProcessor:Execute: Test run is completed.
TpTrace Verbose: 0 : 23612, 1, 2020/12/01, 10:27:54.186, 15068551504584, vstest.console.dll, Executor.Execute: Exiting with exit code of 0
TpTrace Verbose: 0 : 23612, 6, 2020/12/01, 10:27:54.198, 15068551626441, vstest.console.dll, LengthPrefixCommunicationChannel.Dispose: Dispose reader and writer.
TpTrace Information: 0 : 23612, 6, 2020/12/01, 10:27:54.198, 15068551630106, vstest.console.dll, SocketServer.Stop: Raise disconnected event endPoint: 127.0.0.1:60671 error: 
TpTrace Verbose: 0 : 23612, 6, 2020/12/01, 10:27:54.199, 15068551631887, vstest.console.dll, TestRequestSender: OnTestRunAbort: Operation is already complete. Skip error message.
TpTrace Verbose: 0 : 23612, 6, 2020/12/01, 10:27:54.199, 15068551632469, vstest.console.dll, TcpClientExtensions.MessageLoopAsync: exiting MessageLoopAsync remoteEndPoint: 127.0.0.1:60672 localEndPoint: 127.0.0.1:60671
